<?xml version="1.0" encoding="UTF-8"?>
<testng-results skipped="0" failed="0" ignored="0" total="1" passed="1">
  <reporter-output>
  </reporter-output>
  <suite name="Default suite" duration-ms="24097" started-at="2019-09-15T15:58:29Z" finished-at="2019-09-15T15:58:53Z">
    <groups>
    </groups>
    <test name="Default test" duration-ms="24097" started-at="2019-09-15T15:58:29Z" finished-at="2019-09-15T15:58:53Z">
      <class name="TestNg.sample.A">
        <test-method status="PASS" signature="launchBrowser()[pri:0, instance:TestNg.sample.A@2a2d45ba]" name="launchBrowser" is-config="true" duration-ms="5368" started-at="2019-09-15T15:58:29Z" finished-at="2019-09-15T15:58:34Z">
          <reporter-output>
          </reporter-output>
        </test-method> <!-- launchBrowser -->
        <test-method status="PASS" signature="startTime()[pri:0, instance:TestNg.sample.A@2a2d45ba]" name="startTime" is-config="true" duration-ms="4" started-at="2019-09-15T15:58:34Z" finished-at="2019-09-15T15:58:34Z">
          <reporter-output>
          </reporter-output>
        </test-method> <!-- startTime -->
        <test-method status="PASS" signature="tcs1()[pri:0, instance:TestNg.sample.A@2a2d45ba]" name="tcs1" duration-ms="17957" started-at="2019-09-15T15:58:34Z" finished-at="2019-09-15T15:58:52Z">
          <reporter-output>
          </reporter-output>
        </test-method> <!-- tcs1 -->
        <test-method status="PASS" signature="endTime()[pri:0, instance:TestNg.sample.A@2a2d45ba]" name="endTime" is-config="true" duration-ms="1" started-at="2019-09-15T15:58:52Z" finished-at="2019-09-15T15:58:52Z">
          <reporter-output>
          </reporter-output>
        </test-method> <!-- endTime -->
        <test-method status="PASS" signature="quitBrowser()[pri:0, instance:TestNg.sample.A@2a2d45ba]" name="quitBrowser" is-config="true" duration-ms="737" started-at="2019-09-15T15:58:52Z" finished-at="2019-09-15T15:58:53Z">
          <reporter-output>
          </reporter-output>
        </test-method> <!-- quitBrowser -->
      </class> <!-- TestNg.sample.A -->
    </test> <!-- Default test -->
  </suite> <!-- Default suite -->
</testng-results>
